2016-06-26 15:30:02,752 WARNING: http://www.legacy.com/Link.asp?I=LS000175555182 skipped, duplicate in fullText directory
2016-06-26 15:30:02,935 WARNING: http://www.legacy.com/Link.asp?I=LS000175555184 skipped, duplicate in fullText directory
2016-06-26 15:30:03,106 WARNING: http://www.legacy.com/Link.asp?I=LS000175555183 skipped, duplicate in fullText directory
2016-06-26 15:30:03,264 WARNING: http://www.legacy.com/Link.asp?I=LS000175555185 skipped, duplicate in fullText directory
2016-06-26 15:30:03,340 WARNING: http://www.nytimes.com/politics/first-draft/2015/08/21/first-draft-focus-plenty-of-seats-plenty-of-time/ skipped, duplicate in fullText directory
2016-06-26 15:30:03,619 WARNING: http://www.nytimes.com/politics/first-draft/2015/08/21/bobby-jindal-calls-for-holding-mayors-of-sanctuary-cities-responsible-for-crime/ skipped, duplicate in fullText directory
2016-06-26 15:30:03,993 WARNING: http://www.nytimes.com/politics/first-draft/2015/08/21/ted-cruz-takes-up-iowa-couples-cause-as-he-courts-evangelicals/ skipped, duplicate in fullText directory
2016-06-26 15:30:04,217 WARNING: http://www.nytimes.com/video/fashion/100000003867687/bill-cunningham-jazz-age-lawn-party.html skipped, duplicate in fullText directory
2016-06-26 15:30:04,240 WARNING: http://krugman.blogs.nytimes.com/2015/08/21/friday-not-music-talking-new-york/ skipped, duplicate in fullText directory
2016-06-26 15:30:04,445 WARNING: http://www.nytimes.com/video/us/politics/100000003868070/social-chatter-deez-nuts-for-president.html skipped, duplicate in fullText directory
2016-06-26 15:30:04,574 WARNING: http://news.blogs.nytimes.com/2015/08/21/what-were-reading-83/ skipped, duplicate in fullText directory
2016-06-26 15:30:04,756 WARNING: http://www.nytimes.com/column/retiring skipped, duplicate in fullText directory
2016-06-26 15:30:04,874 WARNING: http://takingnote.blogs.nytimes.com/2015/08/21/home-care-workers-prevail-in-court/ skipped, duplicate in fullText directory
2016-06-26 15:30:04,895 WARNING: http://www.nytimes.com/video/dining/100000003867938/summer-berry-buckle.html skipped, duplicate in fullText directory
2016-06-26 15:30:04,947 WARNING: http://www.nytimes.com/politics/first-draft/2015/08/21/ellen-page-confronts-ted-cruz-at-the-iowa-state-fair/ skipped, duplicate in fullText directory
2016-06-26 15:30:05,022 WARNING: http://www.nytimes.com/roomfordebate/2015/08/21/what-does-the-latest-news-about-breast-cancer-mean skipped, duplicate in fullText directory
2016-06-26 15:30:05,084 WARNING: http://lens.blogs.nytimes.com/2015/08/21/august-21-2015-pictures-of-the-day/ skipped, duplicate in fullText directory
2016-06-26 15:30:05,723 WARNING: http://www.nytimes.com/video/fashion/100000003866375/bill-cunningham-it-bag.html skipped, duplicate in fullText directory
2016-06-26 15:30:05,866 WARNING: http://www.nytimes.com/politics/first-draft/2015/08/21/first-draft-focus-the-week-in-political-pics/ skipped, duplicate in fullText directory
2016-06-26 15:30:05,980 WARNING: http://www.nytimes.com/politics/first-draft/2015/08/21/revisiting-issue-donald-trump-calls-attack-on-homeless-man-terrible/ skipped, duplicate in fullText directory
2016-06-26 15:30:06,091 WARNING: http://www.nytimes.com/video/us/politics/100000003867757/bernie-sanders-speaks-at-a-rally-in-sc.html skipped, duplicate in fullText directory
2016-06-26 15:30:06,334 WARNING: http://artsbeat.blogs.nytimes.com/2015/08/21/inside-the-new-york-times-book-review-the-history-of-autism/ skipped, duplicate in fullText directory
2016-06-26 15:30:06,827 WARNING: http://www.nytimes.com/column/global-manager skipped, duplicate in fullText directory
2016-06-26 15:30:07,003 WARNING: http://krugman.blogs.nytimes.com/2015/08/21/carter-reagan-and-machiavelli/ skipped, duplicate in fullText directory
2016-06-26 15:30:07,484 WARNING: http://www.nytimes.com/column/political-economy skipped, duplicate in fullText directory
2016-06-26 15:30:07,918 WARNING: http://www.nytimes.com/column/workspace skipped, duplicate in fullText directory
2016-06-26 15:30:08,142 WARNING: http://www.nytimes.com/column/making-it skipped, duplicate in fullText directory
2016-06-26 15:30:09,429 WARNING: http://www.nytimes.com/column/vocations skipped, duplicate in fullText directory
2016-06-26 15:40:20,466 WARNING: http://www.nytimes.com/aponline/2015/08/21/us/politics/ap-us-news-shows.html skipped, newspaper.article.ArticleException
2016-06-26 15:40:20,529 WARNING: http://www.nytimes.com/reuters/2015/08/21/world/middleeast/21reuters-mideast-yemen-crash.html skipped, newspaper.article.ArticleException
2016-06-26 15:40:20,681 WARNING: http://www.nytimes.com/reuters/2015/08/21/sports/soccer/21reuters-soccer-spain.html skipped, newspaper.article.ArticleException
2016-06-26 15:40:21,074 WARNING: http://www.nytimes.com/aponline/2015/08/21/arts/ap-us-theater-female-playwrights.html skipped, newspaper.article.ArticleException
2016-06-26 15:40:21,142 WARNING: http://www.nytimes.com/aponline/2015/08/21/business/ap-us-financial-markets-performance.html skipped, newspaper.article.ArticleException
2016-06-26 15:40:21,393 WARNING: http://www.nytimes.com/reuters/2015/08/21/sports/soccer/21reuters-soccer-france.html skipped, newspaper.article.ArticleException
2016-06-26 15:40:21,421 WARNING: http://www.nytimes.com/reuters/2015/08/21/sports/soccer/21reuters-soccer-spain-halilovic.html skipped, newspaper.article.ArticleException
2016-06-26 15:40:21,596 WARNING: http://www.nytimes.com/aponline/2015/08/21/sports/ap-swm-the-andrew-way.html skipped, newspaper.article.ArticleException
2016-06-26 15:40:21,794 WARNING: http://www.nytimes.com/aponline/2015/08/21/world/middleeast/ap-ml-israel-iran.html skipped, newspaper.article.ArticleException
2016-06-26 15:40:21,816 WARNING: http://www.nytimes.com/aponline/2015/08/21/us/ap-us-corpse-stolen.html skipped, newspaper.article.ArticleException
2016-06-26 15:40:21,858 WARNING: http://www.nytimes.com/reuters/2015/08/21/sports/golf/21reuters-golf-european.html skipped, newspaper.article.ArticleException
2016-06-26 15:40:22,026 WARNING: http://www.nytimes.com/reuters/2015/08/21/us/21reuters-taser-decision.html skipped, newspaper.article.ArticleException
2016-06-26 15:40:22,029 WARNING: http://www.nytimes.com/reuters/2015/08/21/sports/autoracing/21reuters-motor-racing-prix-kvyat.html skipped, newspaper.article.ArticleException
2016-06-26 15:40:22,078 WARNING: http://www.nytimes.com/aponline/2015/08/21/us/ap-us-marijuana-ptsd.html skipped, newspaper.article.ArticleException
2016-06-26 15:40:22,145 WARNING: http://www.nytimes.com/reuters/2015/08/21/us/21reuters-usa-maryland-drugs.html skipped, newspaper.article.ArticleException
2016-06-26 15:40:22,157 WARNING: http://www.nytimes.com/reuters/2015/08/21/sports/soccer/21reuters-soccer-germany.html skipped, newspaper.article.ArticleException
2016-06-26 15:40:22,376 WARNING: http://www.nytimes.com/aponline/2015/08/21/business/ap-financial-markets-board-of-trade.html skipped, newspaper.article.ArticleException
2016-06-26 15:40:22,408 WARNING: http://www.nytimes.com/aponline/2015/08/21/us/ap-us-hindu-statue-arkansas-capitol.html skipped, newspaper.article.ArticleException
2016-06-26 15:40:22,498 WARNING: http://www.nytimes.com/reuters/2015/08/21/us/21reuters-usa-police-missouri-cameras.html skipped, newspaper.article.ArticleException
2016-06-26 15:40:22,509 WARNING: http://www.nytimes.com/reuters/2015/08/21/world/europe/21reuters-europe-migrants-greece.html skipped, newspaper.article.ArticleException
2016-06-26 15:40:22,604 WARNING: http://www.nytimes.com/reuters/2015/08/21/technology/21reuters-alibaba-stocks.html skipped, newspaper.article.ArticleException
2016-06-26 15:40:22,651 WARNING: http://takingnote.blogs.nytimes.com/2015/08/21/have-you-cut-the-cable-cord/ skipped, duplicate in fullText directory
2016-06-26 15:40:22,820 WARNING: http://www.nytimes.com/politics/first-draft/2015/08/21/enthusiastic-crowd-will-greet-donald-trump-in-alabama-stadium/ skipped, duplicate in fullText directory
2016-06-26 15:40:22,859 WARNING: http://www.nytimes.com/reuters/2015/08/21/us/21reuters-usa-katrina-levees.html skipped, newspaper.article.ArticleException
2016-06-26 15:40:23,346 WARNING: http://www.nytimes.com/aponline/2015/08/21/us/ap-us-shark-bumps-surfer.html skipped, newspaper.article.ArticleException
2016-06-26 15:40:23,384 WARNING: http://www.nytimes.com/aponline/2015/08/21/us/ap-us-kissing-congressman.html skipped, newspaper.article.ArticleException
2016-06-26 15:40:23,424 WARNING: http://www.nytimes.com/2015/08/21/greathomesanddestinations/the-house-formerly-known-as-princes.html skipped, duplicate in fullText directory
2016-06-26 15:40:23,440 WARNING: http://www.nytimes.com/reuters/2015/08/21/us/21reuters-usa-crime-revengeporn.html skipped, newspaper.article.ArticleException
2016-06-26 15:40:23,483 WARNING: http://www.nytimes.com/2015/08/21/world/europe/bbcs-status-helps-shield-broadcaster.html skipped, duplicate in fullText directory
2016-06-26 15:40:23,513 WARNING: http://www.nytimes.com/reuters/2015/08/21/business/21reuters-shake-shack-shortselling.html skipped, newspaper.article.ArticleException
2016-06-26 15:40:23,614 WARNING: http://www.nytimes.com/reuters/2015/08/21/us/politics/21reuters-usa-election-clinton.html skipped, newspaper.article.ArticleException
2016-06-26 15:40:23,716 WARNING: http://krugman.blogs.nytimes.com/2015/08/21/classification-follies/ skipped, duplicate in fullText directory
2016-06-26 15:40:23,987 WARNING: http://www.nytimes.com/reuters/2015/08/21/sports/soccer/21reuters-soccer-spain-atletico.html skipped, newspaper.article.ArticleException
2016-06-26 15:40:24,102 WARNING: http://artsbeat.blogs.nytimes.com/2015/08/21/london-journal-inside-vodka-and-stilettos-outside-the-revolution/ skipped, duplicate in fullText directory
2016-06-26 15:40:24,489 WARNING: http://www.nytimes.com/column/by-design skipped, duplicate in fullText directory
2016-06-26 15:40:24,670 WARNING: http://takingnote.blogs.nytimes.com/2015/08/21/fact-checking-carly-fiorinas-vaccine-claims/ skipped, duplicate in fullText directory
2016-06-26 15:40:24,986 WARNING: http://www.nytimes.com/column/home-and-work skipped, duplicate in fullText directory
2016-06-26 15:40:25,062 WARNING: http://www.nytimes.com/column/frequent-flier skipped, duplicate in fullText directory
2016-06-26 15:40:25,328 WARNING: http://www.nytimes.com/reuters/2015/08/21/world/middleeast/21reuters-mideast-crisis-islamicstate-death.html skipped, newspaper.article.ArticleException
2016-06-26 15:40:25,655 WARNING: http://www.nytimes.com/politics/first-draft/2015/08/21/groups-press-hillary-clinton-on-protecting-social-security/ skipped, duplicate in fullText directory
2016-06-26 15:40:25,916 WARNING: http://www.nytimes.com/aponline/2015/08/21/us/ap-us-people-megan-fox.html skipped, newspaper.article.ArticleException
2016-06-26 15:40:26,655 WARNING: http://well.blogs.nytimes.com/2015/08/21/doctors-behaving-badly/ skipped, duplicate in fullText directory
2016-06-26 15:40:27,461 WARNING: http://www.nytimes.com/aponline/2015/08/21/us/ap-fbn-vikings-headquarters.html skipped, newspaper.article.ArticleException
2016-06-26 15:40:27,865 WARNING: http://www.nytimes.com/reuters/2015/08/21/business/21reuters-apple-autos.html skipped, newspaper.article.ArticleException
2016-06-26 15:40:28,045 WARNING: http://iht-retrospective.blogs.nytimes.com/2015/08/21/1890-panic-on-wall-street/ skipped, duplicate in fullText directory
2016-06-26 15:50:39,225 WARNING: http://www.nytimes.com/aponline/2015/08/21/world/europe/ap-us-cheating-website-things-to-know.html skipped, newspaper.article.ArticleException
2016-06-26 15:50:41,056 WARNING: http://www.nytimes.com/aponline/2015/08/21/sports/ap-car-nascar-bristol-.html skipped, newspaper.article.ArticleException
2016-06-26 15:50:41,178 WARNING: http://www.nytimes.com/aponline/2015/08/21/us/ap-soc-illinois-sports-lawsuit.html skipped, newspaper.article.ArticleException
2016-06-26 15:50:41,192 WARNING: http://www.nytimes.com/aponline/2015/08/21/us/ap-us-long-delayed-burial.html skipped, newspaper.article.ArticleException
2016-06-26 15:50:41,221 WARNING: http://www.nytimes.com/aponline/2015/08/21/us/ap-us-health-overhaul-struggling-co-ops-arizona.html skipped, newspaper.article.ArticleException
2016-06-26 15:50:41,260 WARNING: http://www.nytimes.com/reuters/2015/08/21/us/21reuters-usa-crime-radiation-verdict.html skipped, newspaper.article.ArticleException
2016-06-26 15:50:41,285 WARNING: http://www.nytimes.com/aponline/2015/08/21/sports/golf/ap-glf-made-in-denmark.html skipped, newspaper.article.ArticleException
2016-06-26 15:50:41,385 WARNING: http://www.nytimes.com/aponline/2015/08/21/us/ap-us-topless-times-square-.html skipped, newspaper.article.ArticleException
2016-06-26 15:50:41,430 WARNING: http://www.nytimes.com/aponline/2015/08/21/us/ap-us-nra-national-guard-training.html skipped, newspaper.article.ArticleException
2016-06-26 15:50:41,496 WARNING: http://www.nytimes.com/aponline/2015/08/21/business/ap-us-rig-count.html skipped, newspaper.article.ArticleException
2016-06-26 15:50:41,540 WARNING: http://www.nytimes.com/reuters/2015/08/21/arts/21reuters-motor-racing-dempsey.html skipped, newspaper.article.ArticleException
2016-06-26 15:50:41,761 WARNING: http://www.nytimes.com/reuters/2015/08/21/us/21reuters-usa-katrina-anniversary-tourism.html skipped, newspaper.article.ArticleException
2016-06-26 15:50:41,780 WARNING: http://www.nytimes.com/aponline/2015/08/21/sports/ap-car-nascar-mwr-kauffman-.html skipped, newspaper.article.ArticleException
2016-06-26 15:50:41,900 WARNING: http://www.nytimes.com/aponline/2015/08/21/business/ap-us-recalls-this-week.html skipped, newspaper.article.ArticleException
2016-06-26 15:50:42,377 WARNING: http://bits.blogs.nytimes.com/2015/08/21/the-companies-that-may-be-the-next-50-start-up-unicorns/ skipped, duplicate in fullText directory
2016-06-26 15:50:42,471 WARNING: http://www.nytimes.com/reuters/2015/08/21/world/asia/21reuters-india-women-islam.html skipped, newspaper.article.ArticleException
2016-06-26 15:50:42,509 WARNING: http://www.nytimes.com/reuters/2015/08/21/business/21reuters-malaysia-1mdb-swiss.html skipped, newspaper.article.ArticleException
2016-06-26 15:50:42,522 WARNING: http://www.nytimes.com/column/applied-science skipped, duplicate in fullText directory
2016-06-26 15:50:42,553 WARNING: http://www.nytimes.com/aponline/2015/08/21/us/ap-us-itunes-music-top-10.html skipped, newspaper.article.ArticleException
2016-06-26 15:50:42,641 WARNING: http://www.nytimes.com/aponline/2015/08/21/us/ap-us-film-new-york-film-festival.html skipped, newspaper.article.ArticleException
2016-06-26 15:50:42,645 WARNING: http://www.nytimes.com/aponline/2015/08/21/us/ap-us-odd-free-tuition-half-court-shot.html skipped, newspaper.article.ArticleException
2016-06-26 15:50:42,751 WARNING: http://www.nytimes.com/reuters/2015/08/21/world/africa/21reuters-leone-women.html skipped, newspaper.article.ArticleException
2016-06-26 15:50:42,922 WARNING: http://www.nytimes.com/aponline/2015/08/21/sports/ncaafootball/ap-fbc-ohio-state-meyers-mindset.html skipped, newspaper.article.ArticleException
2016-06-26 15:50:43,017 WARNING: http://artsbeat.blogs.nytimes.com/2015/08/21/popcast-carly-rae-jepsen-grows-up/ skipped, duplicate in fullText directory
2016-06-26 15:50:43,113 WARNING: http://www.nytimes.com/reuters/2015/08/21/world/asia/21reuters-northkorea-southkorea-usa.html skipped, newspaper.article.ArticleException
2016-06-26 15:50:43,390 WARNING: http://www.nytimes.com/2015/08/21/opinion/children-die-because-people-are-wrongly-afraid-of-vaccines.html skipped, duplicate in fullText directory
2016-06-26 15:50:43,459 WARNING: http://www.nytimes.com/2015/08/21/opinion/among-malaysias-many-scandals.html skipped, duplicate in fullText directory
2016-06-26 15:50:43,657 WARNING: http://www.nytimes.com/2015/08/21/greathomesanddestinations/a-palatial-complex-in-northern-thailand-with-room-for-mao.html skipped, duplicate in fullText directory
2016-06-26 15:50:43,686 WARNING: http://www.nytimes.com/reuters/2015/08/21/sports/soccer/21reuters-soccer-euro-croatia-fans.html skipped, newspaper.article.ArticleException
2016-06-26 15:50:43,743 WARNING: http://www.nytimes.com/column/adviser skipped, duplicate in fullText directory
2016-06-26 15:50:43,882 WARNING: http://www.nytimes.com/video/multimedia/1194840390105/on-assignment-exploding-a-cherry-pie.html skipped, duplicate in fullText directory
2016-06-26 15:50:44,398 WARNING: http://www.nytimes.com/aponline/2015/08/21/world/europe/ap-eu-un-darfur-violence.html skipped, newspaper.article.ArticleException
2016-06-26 15:50:44,505 WARNING: http://krugman.blogs.nytimes.com/2015/08/21/winner-take-less-in-music/ skipped, duplicate in fullText directory
2016-06-26 15:50:44,605 WARNING: http://www.nytimes.com/column/wheels skipped, duplicate in fullText directory
2016-06-26 15:50:44,680 WARNING: http://www.nytimes.com/reuters/2015/08/21/us/21reuters-usa-crime-radiation.html skipped, newspaper.article.ArticleException
2016-06-26 15:50:44,740 WARNING: http://www.nytimes.com/reuters/2015/08/21/world/middleeast/21reuters-mideast-crisis-airstrikes.html skipped, newspaper.article.ArticleException
2016-06-26 15:50:44,766 WARNING: http://www.nytimes.com/aponline/2015/08/21/us/ap-us-tar-sands-battle.html skipped, newspaper.article.ArticleException
2016-06-26 15:50:45,244 WARNING: http://parenting.blogs.nytimes.com/2015/08/21/your-turn-a-weekend-thread-open-for-comments-67/ skipped, duplicate in fullText directory
2016-06-26 15:50:45,479 WARNING: http://www.nytimes.com/video/science/100000003854416/the-flying-spaghetti-monster.html skipped, duplicate in fullText directory
2016-06-26 15:50:46,003 WARNING: http://artsbeat.blogs.nytimes.com/2015/08/21/a-reunion-screening-of-o-brother-where-art-thou-and-more-at-the-new-york-film-festival/ skipped, duplicate in fullText directory
2016-06-26 15:50:46,622 WARNING: http://www.nytimes.com/aponline/2015/08/21/us/ap-us-swastika-carved-in-lawn.html skipped, newspaper.article.ArticleException
2016-06-26 15:50:46,717 WARNING: http://www.nytimes.com/aponline/2015/08/21/us/ap-us-1999-slaying.html skipped, newspaper.article.ArticleException
2016-06-26 15:50:47,541 WARNING: http://www.nytimes.com/reuters/2015/08/21/sports/21reuters-athletics-world-bazdyreva.html skipped, newspaper.article.ArticleException
2016-06-26 15:50:47,922 WARNING: http://www.nytimes.com/reuters/2015/08/21/sports/cricket/21reuters-cricket-ashes-quotes.html skipped, newspaper.article.ArticleException
2016-06-26 15:50:48,287 WARNING: http://www.nytimes.com/reuters/2015/08/21/us/21reuters-usa-health-legionnaires.html skipped, newspaper.article.ArticleException
2016-06-26 16:00:57,673 WARNING: http://www.nytimes.com/aponline/2015/08/21/us/ap-us-odd-doggie-door-burglar.html skipped, newspaper.article.ArticleException
2016-06-26 16:01:00,119 WARNING: http://www.nytimes.com/reuters/2015/08/21/technology/21reuters-usa-crime-wisconsin.html skipped, newspaper.article.ArticleException
2016-06-26 16:01:01,639 WARNING: http://www.nytimes.com/reuters/2015/08/21/business/21reuters-deutschebank-probe.html skipped, newspaper.article.ArticleException
2016-06-26 16:01:02,056 WARNING: http://www.nytimes.com/reuters/2015/08/21/sports/soccer/21reuters-soccer-england-sunderland.html skipped, newspaper.article.ArticleException
2016-06-26 16:01:02,201 WARNING: http://www.nytimes.com/reuters/2015/08/21/business/21reuters-boeing-gkn.html skipped, newspaper.article.ArticleException
2016-06-26 16:01:02,383 WARNING: http://www.nytimes.com/aponline/2015/08/21/us/ap-us-ohare-runway-closing.html skipped, newspaper.article.ArticleException
2016-06-26 16:01:02,456 WARNING: http://www.nytimes.com/reuters/2015/08/21/sports/golf/21reuters-golf-pga-scott.html skipped, newspaper.article.ArticleException
2016-06-26 16:01:02,660 WARNING: http://www.nytimes.com/aponline/2015/08/21/us/ap-us-police-shooting-atlanta.html skipped, newspaper.article.ArticleException
2016-06-26 16:01:02,663 WARNING: http://www.nytimes.com/aponline/2015/08/21/arts/ap-us-tv-teyonah-parris.html skipped, newspaper.article.ArticleException
2016-06-26 16:01:02,858 WARNING: http://www.nytimes.com/reuters/2015/08/21/world/asia/21reuters-northkorea-southkorea-un.html skipped, newspaper.article.ArticleException
2016-06-26 16:01:02,864 WARNING: http://www.nytimes.com/aponline/2015/08/21/business/ap-us-popcorn-sutton-whiskey.html skipped, newspaper.article.ArticleException
2016-06-26 16:01:02,962 WARNING: http://www.nytimes.com/aponline/2015/08/21/us/politics/ap-us-united-states-islamic-state.html skipped, newspaper.article.ArticleException
2016-06-26 16:01:03,005 WARNING: http://www.nytimes.com/reuters/2015/08/21/world/africa/21reuters-sudan-un.html skipped, newspaper.article.ArticleException
2016-06-26 16:01:03,264 WARNING: http://www.nytimes.com/reuters/2015/08/21/world/asia/21reuters-usa-sharks-attacks.html skipped, newspaper.article.ArticleException
2016-06-26 16:01:03,284 WARNING: http://www.nytimes.com/aponline/2015/08/21/world/middleeast/ap-ml-islamic-state-destroying-heritage-glance-.html skipped, newspaper.article.ArticleException
2016-06-26 16:01:03,398 WARNING: http://www.nytimes.com/reuters/2015/08/21/business/21reuters-eu-trade-usa.html skipped, newspaper.article.ArticleException
2016-06-26 16:01:03,457 WARNING: http://www.nytimes.com/aponline/2015/08/21/us/ap-us-nj-police-shooting.html skipped, newspaper.article.ArticleException
2016-06-26 16:01:03,663 WARNING: http://www.nytimes.com/video/t-magazine/100000003865443/house-tour-scholten-baijings.html skipped, duplicate in fullText directory
2016-06-26 16:01:03,663 WARNING: http://www.nytimes.com/video/arts/international/100000003867184/banksy-opens-dismaland-theme-park.html skipped, duplicate in fullText directory
2016-06-26 16:01:03,669 WARNING: http://www.nytimes.com/reuters/2015/08/21/world/europe/21reuters-eurotunnel-migrants.html skipped, newspaper.article.ArticleException
2016-06-26 16:01:03,877 WARNING: http://www.nytimes.com/reuters/2015/08/21/us/21reuters-usa-ohio-body.html skipped, newspaper.article.ArticleException
2016-06-26 16:01:03,889 WARNING: http://www.nytimes.com/video/world/asia/100000003867085/pyongyang-reacts-to-souths-loudspeakers.html skipped, duplicate in fullText directory
2016-06-26 16:01:04,820 WARNING: http://www.nytimes.com/reuters/2015/08/21/sports/golf/21reuters-golf-europe-asia.html skipped, newspaper.article.ArticleException
2016-06-26 16:01:04,876 WARNING: http://www.nytimes.com/reuters/2015/08/21/sports/rugby/21reuters-rugby-union-france-pape.html skipped, newspaper.article.ArticleException
2016-06-26 16:01:04,903 WARNING: http://www.nytimes.com/aponline/2015/08/21/us/ap-us-terrence-howard-troubles.html skipped, newspaper.article.ArticleException
2016-06-26 16:01:04,904 WARNING: http://www.nytimes.com/reuters/2015/08/21/arts/21reuters-film-lawsuit-poaching.html skipped, newspaper.article.ArticleException
2016-06-26 16:01:04,973 WARNING: http://www.nytimes.com/aponline/2015/08/21/world/europe/ap-eu-greece-bailout-qa.html skipped, newspaper.article.ArticleException
2016-06-26 16:01:04,979 WARNING: http://www.nytimes.com/reuters/2015/08/21/arts/21reuters-usa-election-jonstewart.html skipped, newspaper.article.ArticleException
2016-06-26 16:01:05,125 WARNING: http://www.nytimes.com/aponline/2015/08/21/us/politics/ap-us-truck-safety.html skipped, newspaper.article.ArticleException
2016-06-26 16:01:05,282 WARNING: http://www.nytimes.com/aponline/2015/08/21/us/ap-us-cheating-website-deleted-data.html skipped, newspaper.article.ArticleException
2016-06-26 16:01:05,517 WARNING: http://www.nytimes.com/aponline/2015/08/21/world/europe/ap-eu-britain-assange-jackson.html skipped, newspaper.article.ArticleException
2016-06-26 16:01:05,839 WARNING: http://well.blogs.nytimes.com/2015/08/21/the-weekly-health-quiz-coffee-sugar-and-sex-drive/ skipped, duplicate in fullText directory
2016-06-26 16:01:06,417 WARNING: http://www.nytimes.com/aponline/2015/08/21/us/ap-us-wanted-officer-father.html skipped, newspaper.article.ArticleException
2016-06-26 16:01:06,606 WARNING: http://iht-retrospective.blogs.nytimes.com/2015/08/21/1940-britain-bans-import-of-notes/ skipped, duplicate in fullText directory
2016-06-26 16:01:07,367 WARNING: http://artsbeat.blogs.nytimes.com/2015/08/21/whats-on-this-week-around-the-world-38/ skipped, duplicate in fullText directory
2016-06-26 16:01:08,082 WARNING: http://www.nytimes.com/reuters/2015/08/21/world/americas/21reuters-canada-election.html skipped, newspaper.article.ArticleException
2016-06-26 16:01:08,315 WARNING: http://www.nytimes.com/reuters/2015/08/21/world/americas/21reuters-haiti-election.html skipped, newspaper.article.ArticleException
2016-06-26 16:01:08,424 WARNING: http://www.nytimes.com/aponline/2015/08/21/us/politics/ap-us-united-states-korea-tensions.html skipped, newspaper.article.ArticleException
2016-06-26 16:11:23,802 WARNING: http://www.nytimes.com/reuters/2015/08/21/world/europe/21reuters-europe-migrants-macedonia-un.html skipped, newspaper.article.ArticleException
2016-06-26 16:11:25,305 WARNING: http://www.nytimes.com/reuters/2015/08/21/business/21reuters-global-economy-weekahead.html skipped, newspaper.article.ArticleException
2016-06-26 16:11:25,358 WARNING: http://www.nytimes.com/aponline/2015/08/21/sports/ap-car-f1-mclaren-penalties.html skipped, newspaper.article.ArticleException
2016-06-26 16:11:25,513 WARNING: http://www.nytimes.com/reuters/2015/08/21/sports/soccer/21reuters-soccer-england-offside.html skipped, newspaper.article.ArticleException
2016-06-26 16:11:25,758 WARNING: http://www.nytimes.com/aponline/2015/08/21/world/asia/ap-as-afghanistan-pakistan-unhappy-neighbors.html skipped, newspaper.article.ArticleException
2016-06-26 16:11:25,866 WARNING: http://www.nytimes.com/aponline/2015/08/21/world/africa/ap-af-kenya-ivory-arrest.html skipped, newspaper.article.ArticleException
2016-06-26 16:11:26,016 WARNING: http://www.nytimes.com/reuters/2015/08/21/world/europe/21reuters-europe-migrants-eu.html skipped, newspaper.article.ArticleException
2016-06-26 16:11:26,594 WARNING: http://www.nytimes.com/aponline/2015/08/21/us/ap-mma-ufc-rousey-holm.html skipped, newspaper.article.ArticleException
2016-06-26 16:11:26,860 WARNING: http://www.nytimes.com/aponline/2015/08/21/world/europe/ap-eu-macedonia-greece-migrants-photo-gallery.html skipped, newspaper.article.ArticleException
2016-06-26 16:11:26,903 WARNING: http://www.nytimes.com/reuters/2015/08/21/world/europe/21reuters-europe-migrants-macedonia-crush.html skipped, newspaper.article.ArticleException
2016-06-26 16:11:26,922 WARNING: http://bits.blogs.nytimes.com/2015/08/21/daily-report-the-stock-market-carnage-cometh-for-tech/ skipped, duplicate in fullText directory
2016-06-26 16:11:26,941 WARNING: http://www.nytimes.com/reuters/2015/08/21/us/21reuters-usa-court-wage.html skipped, newspaper.article.ArticleException
2016-06-26 16:11:27,043 WARNING: http://www.nytimes.com/aponline/2015/08/21/world/asia/ap-as-afghanistan.html skipped, newspaper.article.ArticleException
2016-06-26 16:11:27,091 WARNING: http://www.nytimes.com/reuters/2015/08/21/sports/soccer/21reuters-soccer-england-west-bromwich.html skipped, newspaper.article.ArticleException
2016-06-26 16:11:27,107 WARNING: http://www.nytimes.com/reuters/2015/08/21/world/americas/21reuters-usa-mexico-beating.html skipped, newspaper.article.ArticleException
2016-06-26 16:11:27,201 WARNING: http://www.nytimes.com/reuters/2015/08/21/world/europe/21reuters-russia-politics-widerimage.html skipped, newspaper.article.ArticleException
2016-06-26 16:11:27,280 WARNING: http://www.nytimes.com/reuters/2015/08/21/business/21reuters-fed-allianz-elerian.html skipped, newspaper.article.ArticleException
2016-06-26 16:11:27,549 WARNING: http://www.nytimes.com/reuters/2015/08/21/world/europe/21reuters-italy-mafia-funeral.html skipped, newspaper.article.ArticleException
2016-06-26 16:11:27,807 WARNING: http://www.nytimes.com/aponline/2015/08/21/us/ap-us-vermont-deaths.html skipped, newspaper.article.ArticleException
2016-06-26 16:11:27,821 WARNING: http://www.nytimes.com/reuters/2015/08/21/world/europe/21reuters-europe-migrants-macedonia-police.html skipped, newspaper.article.ArticleException
2016-06-26 16:11:27,889 WARNING: http://www.nytimes.com/aponline/2015/08/21/world/europe/ap-eu-germany-wwii-bomb.html skipped, newspaper.article.ArticleException
2016-06-26 16:11:28,022 WARNING: http://krugman.blogs.nytimes.com/2015/08/21/fairy-tales-2/ skipped, duplicate in fullText directory
2016-06-26 16:11:28,129 WARNING: http://www.nytimes.com/aponline/2015/08/21/us/ap-us-odd-bears-pool-party.html skipped, newspaper.article.ArticleException
2016-06-26 16:11:28,131 WARNING: http://www.nytimes.com/reuters/2015/08/21/world/asia/21reuters-china-obituary.html skipped, newspaper.article.ArticleException
2016-06-26 16:11:28,218 WARNING: http://www.nytimes.com/aponline/2015/08/21/us/politics/ap-us-state-unemployment.html skipped, newspaper.article.ArticleException
2016-06-26 16:11:28,451 WARNING: http://www.nytimes.com/reuters/2015/08/21/us/politics/21reuters-iran-nuclear-usa-nadler.html skipped, newspaper.article.ArticleException
2016-06-26 16:11:28,479 WARNING: http://www.nytimes.com/reuters/2015/08/21/business/21reuters-eurozone-greece-leftists.html skipped, newspaper.article.ArticleException
2016-06-26 16:11:28,481 WARNING: http://www.nytimes.com/aponline/2015/08/21/arts/ap-wre-cena-make-a-wish.html skipped, newspaper.article.ArticleException
2016-06-26 16:11:28,588 WARNING: http://www.nytimes.com/aponline/2015/08/21/world/europe/ap-eu-france-egyptian-statues.html skipped, newspaper.article.ArticleException
2016-06-26 16:11:28,681 WARNING: http://www.nytimes.com/aponline/2015/08/21/arts/ap-us-books-poetry-ambassador.html skipped, newspaper.article.ArticleException
2016-06-26 16:11:28,720 WARNING: http://www.nytimes.com/aponline/2015/08/21/us/ap-us-odd-delivery-delays-defense-attorney.html skipped, newspaper.article.ArticleException
2016-06-26 16:11:29,113 WARNING: http://www.nytimes.com/aponline/2015/08/21/us/ap-us-deputy-shot-florida-the-latest.html skipped, newspaper.article.ArticleException
2016-06-26 16:11:29,753 WARNING: http://www.nytimes.com/aponline/2015/08/21/us/politics/ap-us-home-health-care-wages-.html skipped, newspaper.article.ArticleException
2016-06-26 16:11:29,818 WARNING: http://www.nytimes.com/reuters/2015/08/21/world/europe/21reuters-france-rafale-india.html skipped, newspaper.article.ArticleException
2016-06-26 16:21:43,539 WARNING: http://www.nytimes.com/reuters/2015/08/21/world/asia/21reuters-china-blast-safety-rabbit.html skipped, newspaper.article.ArticleException
2016-06-26 16:21:43,586 WARNING: http://www.nytimes.com/reuters/2015/08/21/world/europe/21reuters-turkey-politics-constitution-factbox.html skipped, newspaper.article.ArticleException
2016-06-26 16:21:45,772 WARNING: http://www.nytimes.com/aponline/2015/08/21/us/ap-us-pope-philadelphia-mass-transit.html skipped, newspaper.article.ArticleException
2016-06-26 16:21:46,261 WARNING: http://www.nytimes.com/reuters/2015/08/21/us/21reuters-usa-crime-maine.html skipped, newspaper.article.ArticleException
2016-06-26 16:21:51,660 WARNING: http://www.nytimes.com/reuters/2015/08/21/business/21reuters-honda-recall.html skipped, newspaper.article.ArticleException
2016-06-26 16:21:51,682 WARNING: http://www.nytimes.com/reuters/2015/08/21/business/21reuters-eurozone-economy-consumersentiment.html skipped, newspaper.article.ArticleException
2016-06-26 16:21:51,731 WARNING: http://www.nytimes.com/reuters/2015/08/21/us/21reuters-usa-maryland-batman.html skipped, newspaper.article.ArticleException
2016-06-26 16:21:52,939 WARNING: http://www.nytimes.com/aponline/2015/08/21/world/europe/ap-eu-turkey-migrants.html skipped, newspaper.article.ArticleException
2016-06-26 16:21:53,359 WARNING: http://www.nytimes.com/aponline/2015/08/21/us/politics/ap-us-congress-iran-deal-.html skipped, newspaper.article.ArticleException
2016-06-26 16:21:53,620 WARNING: http://www.nytimes.com/aponline/2015/08/21/world/europe/ap-eu-spain-tourism.html skipped, newspaper.article.ArticleException
2016-06-26 16:21:53,639 WARNING: http://www.nytimes.com/aponline/2015/08/21/world/africa/ap-af-south-sudan-journalist-killed.html skipped, newspaper.article.ArticleException
2016-06-26 16:21:53,657 WARNING: http://www.nytimes.com/reuters/2015/08/21/business/21reuters-usa-economy-pmi.html skipped, newspaper.article.ArticleException
2016-06-26 16:21:53,716 WARNING: http://www.nytimes.com/reuters/2015/08/21/world/asia/21reuters-china-blast-safety.html skipped, newspaper.article.ArticleException
2016-06-26 16:21:53,728 WARNING: http://www.nytimes.com/reuters/2015/08/21/world/asia/21reuters-pakistan-militants.html skipped, newspaper.article.ArticleException
2016-06-26 16:21:53,735 WARNING: http://www.nytimes.com/reuters/2015/08/21/arts/21reuters-people-genesimmons.html skipped, newspaper.article.ArticleException
2016-06-26 16:21:53,757 WARNING: http://www.nytimes.com/reuters/2015/08/21/world/europe/21reuters-denmark-eu-referendum.html skipped, newspaper.article.ArticleException
2016-06-26 16:21:53,764 WARNING: http://www.nytimes.com/reuters/2015/08/21/sports/soccer/21reuters-soccer-fifa-ethics.html skipped, newspaper.article.ArticleException
2016-06-26 16:21:53,803 WARNING: http://www.nytimes.com/aponline/2015/08/21/us/ap-us-mississippi-police-officer-shot.html skipped, newspaper.article.ArticleException
2016-06-26 16:21:53,814 WARNING: http://www.nytimes.com/reuters/2015/08/21/world/asia/21reuters-philippines-typhoon.html skipped, newspaper.article.ArticleException
2016-06-26 16:21:53,816 WARNING: http://www.nytimes.com/aponline/2015/08/21/us/ap-us-former-cheerleader-sentence.html skipped, newspaper.article.ArticleException
2016-06-26 16:21:53,839 WARNING: http://www.nytimes.com/reuters/2015/08/21/business/21reuters-banks-ecb-nouy.html skipped, newspaper.article.ArticleException
2016-06-26 16:21:53,853 WARNING: http://www.nytimes.com/reuters/2015/08/21/sports/cycling/21reuters-athletics-world-doping-reedie.html skipped, newspaper.article.ArticleException
2016-06-26 16:21:53,856 WARNING: http://www.nytimes.com/aponline/2015/08/21/us/politics/ap-us-norad-exercise-gyrocopter.html skipped, newspaper.article.ArticleException
2016-06-26 16:21:53,868 WARNING: http://www.nytimes.com/reuters/2015/08/21/world/americas/21reuters-brazil-politics-lula.html skipped, newspaper.article.ArticleException
2016-06-26 16:21:53,881 WARNING: http://www.nytimes.com/aponline/2015/08/21/us/ap-us-people-lily-tomlin.html skipped, newspaper.article.ArticleException
2016-06-26 16:21:53,895 WARNING: http://www.nytimes.com/reuters/2015/08/21/us/21reuters-usa-new-york-subway.html skipped, newspaper.article.ArticleException
2016-06-26 16:21:53,922 WARNING: http://www.nytimes.com/reuters/2015/08/21/sports/autoracing/21reuters-motor-racing-prix-mclaren.html skipped, newspaper.article.ArticleException
2016-06-26 16:21:54,048 WARNING: http://www.nytimes.com/aponline/2015/08/21/world/europe/ap-eu-turkey-syria-wall.html skipped, newspaper.article.ArticleException
2016-06-26 16:21:54,653 WARNING: http://www.nytimes.com/aponline/2015/08/21/us/ap-us-girls-stabbing-plot-the-latest.html skipped, newspaper.article.ArticleException
2016-06-26 16:21:54,791 WARNING: http://www.nytimes.com/reuters/2015/08/21/world/europe/21reuters-europe-migrants-macedonia-enter.html skipped, newspaper.article.ArticleException
2016-06-26 16:21:54,900 WARNING: http://www.nytimes.com/reuters/2015/08/21/business/21reuters-dong-hornsea.html skipped, newspaper.article.ArticleException
2016-06-26 16:21:55,051 WARNING: http://www.nytimes.com/video/realestate/100000003863889/the-dusty-guy.html skipped, duplicate in fullText directory
2016-06-26 16:21:55,447 WARNING: http://learning.blogs.nytimes.com/2015/08/21/three-ways-to-encourage-your-students-to-follow-current-events-this-school-year/ skipped, duplicate in fullText directory
2016-06-26 16:21:55,910 WARNING: http://www.nytimes.com/reuters/2015/08/21/sports/soccer/21reuters-soccer-fifa-ethics-exclusive.html skipped, newspaper.article.ArticleException
2016-06-26 16:32:05,113 WARNING: http://www.nytimes.com/aponline/2015/08/21/us/ap-us-newspaper-publisher-killed.html skipped, newspaper.article.ArticleException
2016-06-26 16:32:05,196 WARNING: http://www.nytimes.com/aponline/2015/08/21/world/europe/ap-eu-germany-pirate.html skipped, newspaper.article.ArticleException
2016-06-26 16:32:05,228 WARNING: http://www.nytimes.com/reuters/2015/08/21/world/asia/21reuters-tianjin-blast-safety.html skipped, newspaper.article.ArticleException
2016-06-26 16:32:05,365 WARNING: http://www.nytimes.com/reuters/2015/08/21/world/asia/21reuters-afghanistan-pakistan-taliban.html skipped, newspaper.article.ArticleException
2016-06-26 16:32:06,199 WARNING: http://cityroom.blogs.nytimes.com/2015/08/21/finding-a-roommate-on-craigslist/ skipped, duplicate in fullText directory
2016-06-26 16:32:17,178 WARNING: http://www.nytimes.com/aponline/2015/08/21/us/ap-us-travel-brief-new-jersey-zombie-walk.html skipped, newspaper.article.ArticleException
2016-06-26 16:32:17,256 WARNING: http://www.nytimes.com/aponline/2015/08/21/world/europe/ap-eu-netherlands-fake-van-gogh.html skipped, newspaper.article.ArticleException
2016-06-26 16:32:17,265 WARNING: http://www.nytimes.com/aponline/2015/08/21/us/ap-us-travel-brief-shark-bite-jacksonville.html skipped, newspaper.article.ArticleException
2016-06-26 16:32:17,335 WARNING: http://www.nytimes.com/aponline/2015/08/21/us/ap-us-travel-texas-coast-seaweed.html skipped, newspaper.article.ArticleException
2016-06-26 16:32:17,343 WARNING: http://www.nytimes.com/aponline/2015/08/21/us/ap-us-odd-skipping-work-kidnapping.html skipped, newspaper.article.ArticleException
2016-06-26 16:32:17,349 WARNING: http://www.nytimes.com/aponline/2015/08/21/us/ap-us-travel-brief-shark-bite.html skipped, newspaper.article.ArticleException
2016-06-26 16:32:17,353 WARNING: http://www.nytimes.com/aponline/2015/08/21/us/ap-lt-travel-brief-honduras-us-tourist.html skipped, newspaper.article.ArticleException
2016-06-26 16:32:17,410 WARNING: http://www.nytimes.com/aponline/2015/08/21/world/asia/ap-as-myanmar-young-democracy.html skipped, newspaper.article.ArticleException
2016-06-26 16:32:17,441 WARNING: http://www.nytimes.com/reuters/2015/08/21/world/europe/21reuters-britain-malala.html skipped, newspaper.article.ArticleException
2016-06-26 16:32:17,473 WARNING: http://www.nytimes.com/aponline/2015/08/21/us/ap-eu-europe-migrants-glance.html skipped, newspaper.article.ArticleException
2016-06-26 16:32:17,488 WARNING: http://www.nytimes.com/aponline/2015/08/21/us/ap-us-travel-pope-philadelphia-knotty-challenge.html skipped, newspaper.article.ArticleException
2016-06-26 16:32:17,492 WARNING: http://www.nytimes.com/reuters/2015/08/21/sports/cricket/21reuters-cricket-england-tremlett.html skipped, newspaper.article.ArticleException
2016-06-26 16:32:17,498 WARNING: http://www.nytimes.com/reuters/2015/08/21/sports/soccer/21reuters-soccer-spain-sociedad-moyes.html skipped, newspaper.article.ArticleException
2016-06-26 16:32:17,538 WARNING: http://www.nytimes.com/reuters/2015/08/21/world/africa/21reuters-chad-violence-boko-haram.html skipped, newspaper.article.ArticleException
2016-06-26 16:32:17,548 WARNING: http://www.nytimes.com/reuters/2015/08/21/world/asia/21reuters-northkorea-southkorea-china.html skipped, newspaper.article.ArticleException
2016-06-26 16:32:17,555 WARNING: http://www.nytimes.com/aponline/2015/08/21/business/ap-us-katrina-wal-mart.html skipped, newspaper.article.ArticleException
2016-06-26 16:32:17,588 WARNING: http://www.nytimes.com/reuters/2015/08/21/sports/soccer/21reuters-soccer-england-zabaleta.html skipped, newspaper.article.ArticleException
2016-06-26 16:32:17,590 WARNING: http://www.nytimes.com/aponline/2015/08/21/us/ap-us-toyota-unintended-acceleration.html skipped, newspaper.article.ArticleException
2016-06-26 16:32:17,620 WARNING: http://www.nytimes.com/aponline/2015/08/21/us/ap-us-prep-school-rape-trial.html skipped, newspaper.article.ArticleException
2016-06-26 16:32:17,628 WARNING: http://www.nytimes.com/aponline/2015/08/21/us/ap-us-shark-bite-florida.html skipped, newspaper.article.ArticleException
2016-06-26 16:32:17,658 WARNING: http://www.nytimes.com/aponline/2015/08/21/us/ap-us-travel-brief-kings-dominion-delirium.html skipped, newspaper.article.ArticleException
2016-06-26 16:32:17,692 WARNING: http://www.nytimes.com/aponline/2015/08/21/us/ap-us-good-samaritan-stabbed.html skipped, newspaper.article.ArticleException
2016-06-26 16:32:17,744 WARNING: http://www.nytimes.com/reuters/2015/08/21/world/middleeast/21reuters-turkey-politics.html skipped, newspaper.article.ArticleException
2016-06-26 16:32:17,744 WARNING: http://www.nytimes.com/aponline/2015/08/21/us/ap-us-flowers-drugs.html skipped, newspaper.article.ArticleException
2016-06-26 16:32:17,783 WARNING: http://www.nytimes.com/reuters/2015/08/21/business/21reuters-nigeria-lng-shell.html skipped, newspaper.article.ArticleException
2016-06-26 16:32:17,816 WARNING: http://www.nytimes.com/aponline/2015/08/21/us/ap-us-odd-iguana-cage-lamp-fire.html skipped, newspaper.article.ArticleException
2016-06-26 16:32:18,615 WARNING: http://www.nytimes.com/reuters/2015/08/21/world/asia/21reuters-afghanistan-dostum.html skipped, newspaper.article.ArticleException
2016-06-26 16:32:18,749 WARNING: http://publiceditor.blogs.nytimes.com/2015/08/21/its-been-fun-but-im-going-on-vacation/ skipped, duplicate in fullText directory
2016-06-26 16:32:19,086 WARNING: http://artsbeat.blogs.nytimes.com/2015/08/21/video-reviews-of-american-ultra-sinister-2-and-grandma/ skipped, duplicate in fullText directory
2016-06-26 16:32:22,016 WARNING: http://www.nytimes.com/reuters/2015/08/21/world/asia/21reuters-pakistan-india-talks.html skipped, newspaper.article.ArticleException
2016-06-26 16:42:30,122 WARNING: http://www.nytimes.com/reuters/2015/08/21/sports/cricket/21reuters-cricket-ashes.html skipped, newspaper.article.ArticleException
2016-06-26 16:42:30,146 WARNING: http://www.nytimes.com/reuters/2015/08/21/sports/soccer/21reuters-soccer-england-arsenal.html skipped, newspaper.article.ArticleException
2016-06-26 16:42:30,156 WARNING: http://www.nytimes.com/aponline/2015/08/21/us/ap-us-homeless-man-attacked.html skipped, newspaper.article.ArticleException
2016-06-26 16:42:30,222 WARNING: http://www.nytimes.com/aponline/2015/08/21/world/europe/ap-eu-britain-message-in-a-bottle.html skipped, newspaper.article.ArticleException
2016-06-26 16:42:32,213 WARNING: http://www.nytimes.com/aponline/2015/08/21/world/europe/ap-eu-britain-banksy-theme-park.html skipped, duplicate in fullText directory
2016-06-26 16:42:33,858 WARNING: http://news.blogs.nytimes.com/2015/08/21/morning-agenda-investors-get-fitness-fever/ skipped, duplicate in fullText directory
2016-06-26 16:42:38,321 WARNING: http://www.nytimes.com/aponline/2015/08/21/world/middleeast/ap-ml-iraq.html skipped, newspaper.article.ArticleException
2016-06-26 16:42:38,438 WARNING: http://www.nytimes.com/reuters/2015/08/21/business/21reuters-royal-imtech-bankruptcy-germany.html skipped, newspaper.article.ArticleException
2016-06-26 16:42:38,498 WARNING: http://www.nytimes.com/reuters/2015/08/21/sports/soccer/21reuters-soccer-spain-barcelona.html skipped, newspaper.article.ArticleException
2016-06-26 16:42:38,618 WARNING: http://www.nytimes.com/reuters/2015/08/21/business/21reuters-daimler-ceo.html skipped, newspaper.article.ArticleException
2016-06-26 16:42:38,638 WARNING: http://www.nytimes.com/reuters/2015/08/21/world/asia/21reuters-china-military.html skipped, newspaper.article.ArticleException
2016-06-26 16:42:38,639 WARNING: http://www.nytimes.com/aponline/2015/08/21/arts/ap-us-tv-dying-kids.html skipped, newspaper.article.ArticleException
2016-06-26 16:42:38,671 WARNING: http://www.nytimes.com/reuters/2015/08/21/sports/soccer/21reuters-soccer-spain-valencia.html skipped, newspaper.article.ArticleException
2016-06-26 16:42:38,705 WARNING: http://www.nytimes.com/aponline/2015/08/21/us/ap-us-subway-rage.html skipped, newspaper.article.ArticleException
2016-06-26 16:42:38,717 WARNING: http://www.nytimes.com/reuters/2015/08/21/business/21reuters-microsoft-finland.html skipped, newspaper.article.ArticleException
2016-06-26 16:42:38,737 WARNING: http://www.nytimes.com/reuters/2015/08/21/world/americas/21reuters-brazil-politics-temer.html skipped, newspaper.article.ArticleException
2016-06-26 16:42:38,796 WARNING: http://www.nytimes.com/reuters/2015/08/21/world/middleeast/21reuters-turkey-politics-election.html skipped, newspaper.article.ArticleException
2016-06-26 16:42:38,822 WARNING: http://www.nytimes.com/aponline/2015/08/21/us/ap-bbo-denny-mclain-lawsuit.html skipped, newspaper.article.ArticleException
2016-06-26 16:42:38,829 WARNING: http://www.nytimes.com/reuters/2015/08/21/business/21reuters-eurozone-greece-dijsselbloem.html skipped, newspaper.article.ArticleException
2016-06-26 16:42:38,917 WARNING: http://www.nytimes.com/reuters/2015/08/21/sports/cricket/21reuters-cricket-lanka.html skipped, newspaper.article.ArticleException
2016-06-26 16:42:38,998 WARNING: http://www.nytimes.com/reuters/2015/08/21/world/europe/21reuters-malaysia-airlines-crash-investigation-insight.html skipped, newspaper.article.ArticleException
2016-06-26 16:42:39,000 WARNING: http://www.nytimes.com/aponline/2015/08/21/business/ap-us-earns-deere.html skipped, newspaper.article.ArticleException
2016-06-26 16:42:39,009 WARNING: http://www.nytimes.com/aponline/2015/08/21/us/ap-us-honda-accord-investigation.html skipped, newspaper.article.ArticleException
2016-06-26 16:42:39,009 WARNING: http://www.nytimes.com/reuters/2015/08/21/world/middleeast/21reuters-yemen-security-taiz.html skipped, newspaper.article.ArticleException
2016-06-26 16:42:39,019 WARNING: http://www.nytimes.com/reuters/2015/08/21/world/middleeast/21reuters-europe-migrants-austria.html skipped, newspaper.article.ArticleException
2016-06-26 16:42:39,030 WARNING: http://www.nytimes.com/aponline/2015/08/21/world/europe/ap-eu-turkey-politics.html skipped, newspaper.article.ArticleException
2016-06-26 16:42:39,115 WARNING: http://www.nytimes.com/aponline/2015/08/21/world/europe/ap-eu-poland-politics.html skipped, newspaper.article.ArticleException
2016-06-26 16:42:39,217 WARNING: http://www.nytimes.com/reuters/2015/08/21/technology/21reuters-language-apps.html skipped, newspaper.article.ArticleException
2016-06-26 16:42:39,219 WARNING: http://www.nytimes.com/aponline/2015/08/21/world/europe/ap-eu-france-school-lunches.html skipped, newspaper.article.ArticleException
2016-06-26 16:42:39,233 WARNING: http://www.nytimes.com/reuters/2015/08/21/business/21reuters-opec-oil-prices.html skipped, newspaper.article.ArticleException
2016-06-26 16:42:39,273 WARNING: http://www.nytimes.com/aponline/2015/08/21/us/ap-us-alicia-keys-selling-home.html skipped, newspaper.article.ArticleException
2016-06-26 16:42:39,308 WARNING: http://www.nytimes.com/aponline/2015/08/21/us/ap-us-odd-new-jersey-zombie-walk.html skipped, newspaper.article.ArticleException
2016-06-26 16:42:39,394 WARNING: http://www.nytimes.com/aponline/2015/08/21/world/europe/ap-eu-italy-mafia-funeral.html skipped, newspaper.article.ArticleException
2016-06-26 16:42:39,403 WARNING: http://www.nytimes.com/politics/first-draft/2015/08/21/today-in-politics-rivals-can-no-longer-ignore-donald-trumps-long-shadow/ skipped, duplicate in fullText directory
2016-06-26 16:42:39,519 WARNING: http://www.nytimes.com/video/world/100000003866934/tear-gas-fired-at-migrants-in-macedonia.html skipped, duplicate in fullText directory
2016-06-26 16:42:39,915 WARNING: http://iht-retrospective.blogs.nytimes.com/2015/08/21/1926-lenin-predicted-bitter-leadership-struggle-for-his-country/ skipped, duplicate in fullText directory
2016-06-26 16:42:40,836 DEBUG: http://cityroom.blogs.nytimes.com/2015/08/21/new-york-today-bust-a-move/ parsed successfully
2016-06-26 16:42:43,103 WARNING: http://www.nytimes.com/reuters/2015/08/21/sports/soccer/21reuters-soccer-serbia-partizan-bojinov.html skipped, newspaper.article.ArticleException
2016-06-26 16:42:44,400 DEBUG: http://well.blogs.nytimes.com/2015/08/21/ask-well-fighting-bags-under-the-eyes/ parsed successfully
2016-06-26 16:52:52,305 WARNING: http://www.nytimes.com/reuters/2015/08/21/business/21reuters-deere-and-co-results.html skipped, newspaper.article.ArticleException
2016-06-26 16:52:52,324 WARNING: http://www.nytimes.com/reuters/2015/08/21/sports/soccer/21reuters-soccer-germany-dortmund-results.html skipped, newspaper.article.ArticleException
2016-06-26 16:52:52,443 WARNING: http://www.nytimes.com/reuters/2015/08/21/world/asia/21reuters-china-blast-jaguar-lnd-rover.html skipped, newspaper.article.ArticleException
2016-06-26 16:52:56,462 WARNING: http://www.nytimes.com/reuters/2015/08/21/business/21reuters-spire-results.html skipped, newspaper.article.ArticleException
2016-06-26 16:52:58,118 WARNING: http://www.nytimes.com/reuters/2015/08/21/world/europe/21reuters-mideast-crisis-turkey-rebels.html skipped, newspaper.article.ArticleException
2016-06-26 16:52:58,188 WARNING: http://www.nytimes.com/aponline/2015/08/21/world/europe/ap-eu-russia-ukrainian-pilot.html skipped, newspaper.article.ArticleException
2016-06-26 16:52:58,422 WARNING: http://www.nytimes.com/aponline/2015/08/21/us/ap-us-former-nhl-player-charged.html skipped, newspaper.article.ArticleException
2016-06-26 16:52:58,546 WARNING: http://www.nytimes.com/reuters/2015/08/21/business/21reuters-eurozone-greece-commission.html skipped, newspaper.article.ArticleException
2016-06-26 16:52:58,555 WARNING: http://www.nytimes.com/reuters/2015/08/21/business/21reuters-eurozone-greece-speaker.html skipped, newspaper.article.ArticleException
2016-06-26 16:52:58,587 WARNING: http://www.nytimes.com/reuters/2015/08/21/business/21reuters-eurozone-greece-election-potami.html skipped, newspaper.article.ArticleException
2016-06-26 16:52:58,695 WARNING: http://www.nytimes.com/aponline/2015/08/21/world/africa/ap-af-south-africa-mandela-grandson.html skipped, newspaper.article.ArticleException
2016-06-26 16:52:58,917 WARNING: http://www.nytimes.com/reuters/2015/08/21/business/21reuters-gsk-m-a-perrigo-company.html skipped, newspaper.article.ArticleException
2016-06-26 16:52:58,919 WARNING: http://www.nytimes.com/reuters/2015/08/21/business/21reuters-eurozone-greece-germany.html skipped, newspaper.article.ArticleException
2016-06-26 16:52:59,006 WARNING: http://www.nytimes.com/aponline/2015/08/21/us/ap-us-drug-bust-remains-found.html skipped, newspaper.article.ArticleException
2016-06-26 16:52:59,042 WARNING: http://www.nytimes.com/reuters/2015/08/21/arts/21reuters-pakistan-comedy.html skipped, newspaper.article.ArticleException
2016-06-26 16:52:59,061 WARNING: http://www.nytimes.com/reuters/2015/08/21/world/asia/21reuters-thailand-blast-police.html skipped, newspaper.article.ArticleException
2016-06-26 16:52:59,127 WARNING: http://www.nytimes.com/aponline/2015/08/21/world/asia/ap-as-japan-worlds-oldest-man.html skipped, newspaper.article.ArticleException
2016-06-26 16:52:59,173 WARNING: http://www.nytimes.com/aponline/2015/08/21/us/ap-as-koreas-tensions-timeline.html skipped, newspaper.article.ArticleException
2016-06-26 16:52:59,261 WARNING: http://www.nytimes.com/aponline/2015/08/21/us/ap-10-things-to-know-today.html skipped, newspaper.article.ArticleException
2016-06-26 16:52:59,262 WARNING: http://www.nytimes.com/reuters/2015/08/21/business/21reuters-southkorea-tesco-sale.html skipped, newspaper.article.ArticleException
2016-06-26 16:52:59,288 WARNING: http://www.nytimes.com/reuters/2015/08/21/business/21reuters-baml-funds-outflow.html skipped, newspaper.article.ArticleException
2016-06-26 16:52:59,428 WARNING: http://www.nytimes.com/reuters/2015/08/21/sports/rugby/21reuters-rugby-union-safrica.html skipped, newspaper.article.ArticleException
2016-06-26 16:52:59,513 WARNING: http://www.nytimes.com/reuters/2015/08/21/sports/soccer/21reuters-soccer-england-liverpool-gomez.html skipped, newspaper.article.ArticleException
2016-06-26 16:52:59,616 WARNING: http://www.nytimes.com/reuters/2015/08/21/business/21reuters-eurozone-greece-popularunity.html skipped, newspaper.article.ArticleException
2016-06-26 16:52:59,647 WARNING: http://www.nytimes.com/aponline/2015/08/21/us/ap-us-beach-evacuation.html skipped, newspaper.article.ArticleException
2016-06-26 16:52:59,716 WARNING: http://www.nytimes.com/reuters/2015/08/21/business/21reuters-eurozone-greece-slovakia.html skipped, newspaper.article.ArticleException
2016-06-26 16:52:59,800 WARNING: http://www.nytimes.com/reuters/2015/08/21/business/21reuters-global-economy.html skipped, newspaper.article.ArticleException
2016-06-26 16:52:59,855 WARNING: http://www.nytimes.com/reuters/2015/08/21/sports/autoracing/21reuters-motor-racing-prix.html skipped, newspaper.article.ArticleException
2016-06-26 16:52:59,876 WARNING: http://www.nytimes.com/aponline/2015/08/21/sports/ap-car-f1-belgian-gp.html skipped, newspaper.article.ArticleException
2016-06-26 16:53:00,111 DEBUG: http://www.nytimes.com/video/movies/100000003866808/sinister-2-mythology.html parsed successfully
2016-06-26 16:53:00,117 WARNING: http://www.nytimes.com/reuters/2015/08/21/world/europe/21reuters-basf-se-bomb.html skipped, newspaper.article.ArticleException
2016-06-26 16:53:00,173 DEBUG: http://www.nytimes.com/video/movies/100000003866804/sinister-2-bloody-halls.html parsed successfully
2016-06-26 16:53:00,238 DEBUG: http://www.nytimes.com/video/movies/100000003866806/sinister-2-closet.html parsed successfully
2016-06-26 16:53:00,418 DEBUG: http://learning.blogs.nytimes.com/2015/08/21/news-qs-rape-case-puts-focus-on-culture-of-elite-st-pauls-school/ parsed successfully
2016-06-26 16:53:00,876 DEBUG: http://www.nytimes.com/video/movies/100000003866791/the-sentinel-michael-finds-alison.html parsed successfully
2016-06-26 16:53:01,047 DEBUG: http://www.nytimes.com/video/movies/100000003866785/the-sentinel-trailer-1.html parsed successfully
2016-06-26 16:53:01,059 DEBUG: http://www.nytimes.com/video/movies/100000003866787/the-sentinel-jessabelles-birthday-party.html parsed successfully
2016-06-26 16:53:01,211 DEBUG: http://www.nytimes.com/video/movies/100000003866789/the-sentinel-alisons-nocturnal-intruder.html parsed successfully
2016-06-26 16:53:01,327 DEBUG: http://www.nytimes.com/video/movies/100000003866802/the-martian-trailer-1.html parsed successfully
2016-06-26 16:53:01,377 DEBUG: http://www.nytimes.com/video/movies/100000003866793/the-transporter-refueled-ms-unknown.html parsed successfully
2016-06-26 16:53:01,386 DEBUG: http://www.nytimes.com/video/movies/100000003866800/the-witch.html parsed successfully
2016-06-26 16:53:01,454 DEBUG: http://www.nytimes.com/video/movies/100000003866795/the-transporter-refueled-warehouse.html parsed successfully
2016-06-26 16:53:02,432 WARNING: http://www.nytimes.com/reuters/2015/08/21/world/europe/21reuters-europe-migrants-germany.html skipped, newspaper.article.ArticleException
2016-06-26 16:53:06,112 WARNING: http://www.nytimes.com/aponline/2015/08/21/sports/ap-ath-worlds-doping.html skipped, newspaper.article.ArticleException
2016-06-26 17:03:12,141 WARNING: http://www.nytimes.com/reuters/2015/08/21/business/21reuters-markets-china-stocks-close.html skipped, newspaper.article.ArticleException
2016-06-26 17:03:12,287 WARNING: http://www.nytimes.com/reuters/2015/08/21/business/21reuters-mcdonalds-russia-franchising.html skipped, newspaper.article.ArticleException
2016-06-26 17:03:15,697 WARNING: http://www.nytimes.com/reuters/2015/08/21/world/asia/21reuters-hongkong-attack.html skipped, newspaper.article.ArticleException
2016-06-26 17:03:15,817 WARNING: http://www.nytimes.com/aponline/2015/08/21/world/europe/ap-eu-international-court-congo.html skipped, newspaper.article.ArticleException
2016-06-26 17:03:18,618 WARNING: http://www.nytimes.com/aponline/2015/08/21/world/asia/ap-as-china-port-explosion.html skipped, newspaper.article.ArticleException
2016-06-26 17:03:18,642 WARNING: http://www.nytimes.com/reuters/2015/08/21/world/middleeast/21reuters-mideast-crisis-israel-golan.html skipped, newspaper.article.ArticleException
2016-06-26 17:03:18,685 WARNING: http://www.nytimes.com/reuters/2015/08/21/business/21reuters-markets-stocks-ftse.html skipped, newspaper.article.ArticleException
2016-06-26 17:03:18,703 WARNING: http://www.nytimes.com/reuters/2015/08/21/sports/soccer/21reuters-soccer-africa-senegal.html skipped, newspaper.article.ArticleException
2016-06-26 17:03:18,747 WARNING: http://www.nytimes.com/reuters/2015/08/21/world/middleeast/21reuters-mideast-crisis-israel-strike.html skipped, newspaper.article.ArticleException
2016-06-26 17:03:21,569 WARNING: http://www.nytimes.com/aponline/2015/08/21/business/ap-eu-europe-economy.html skipped, newspaper.article.ArticleException
2016-06-26 17:03:21,763 WARNING: http://www.nytimes.com/aponline/2015/08/21/world/europe/ap-eu-france-far-right.html skipped, newspaper.article.ArticleException
2016-06-26 17:03:23,752 WARNING: http://www.nytimes.com/aponline/2015/08/21/sports/ap-ath-worlds-felix.html skipped, newspaper.article.ArticleException
2016-06-26 17:03:23,785 WARNING: http://www.nytimes.com/aponline/2015/08/21/world/asia/ap-as-china-military-parade.html skipped, newspaper.article.ArticleException
2016-06-26 17:03:23,845 WARNING: http://www.nytimes.com/reuters/2015/08/21/us/21reuters-usa-alaska-landslide.html skipped, newspaper.article.ArticleException
2016-06-26 17:03:23,888 WARNING: http://www.nytimes.com/reuters/2015/08/21/business/21reuters-japan-economy.html skipped, newspaper.article.ArticleException
2016-06-26 17:03:24,011 WARNING: http://www.nytimes.com/reuters/2015/08/21/world/europe/21reuters-eurozone-greece-opposition-avoid.html skipped, newspaper.article.ArticleException
2016-06-26 17:03:24,038 WARNING: http://www.nytimes.com/reuters/2015/08/21/sports/soccer/21reuters-soccer-england-leicester-delaet.html skipped, newspaper.article.ArticleException
2016-06-26 17:03:24,056 WARNING: http://www.nytimes.com/reuters/2015/08/21/sports/soccer/21reuters-soccer-brazil-cruzeiro.html skipped, newspaper.article.ArticleException
2016-06-26 17:03:24,071 WARNING: http://www.nytimes.com/aponline/2015/08/21/world/europe/ap-eu-poland-president-foreign-policy.html skipped, newspaper.article.ArticleException
2016-06-26 17:03:24,081 WARNING: http://www.nytimes.com/reuters/2015/08/21/sports/soccer/21reuters-soccer-england-everton-mccarthy.html skipped, newspaper.article.ArticleException
2016-06-26 17:03:24,082 WARNING: http://www.nytimes.com/aponline/2015/08/21/business/ap-eu-germany-economy.html skipped, newspaper.article.ArticleException
2016-06-26 17:03:24,110 WARNING: http://www.nytimes.com/reuters/2015/08/21/sports/soccer/21reuters-soccer-england-newcastle-coloccini.html skipped, newspaper.article.ArticleException
2016-06-26 17:03:24,133 WARNING: http://www.nytimes.com/reuters/2015/08/21/sports/soccer/21reuters-soccer-england-stoke-hughes.html skipped, newspaper.article.ArticleException
2016-06-26 17:03:24,146 WARNING: http://www.nytimes.com/reuters/2015/08/21/business/21reuters-eurozone-economy-pmi.html skipped, newspaper.article.ArticleException
2016-06-26 17:03:24,200 WARNING: http://www.nytimes.com/reuters/2015/08/21/business/21reuters-eurozone-greece-opposition.html skipped, newspaper.article.ArticleException
2016-06-26 17:03:24,202 WARNING: http://www.nytimes.com/aponline/2015/08/21/us/ap-us-federal-lab-blast.html skipped, newspaper.article.ArticleException
2016-06-26 17:03:24,269 WARNING: http://www.nytimes.com/reuters/2015/08/21/world/asia/21reuters-thailand-politics.html skipped, newspaper.article.ArticleException
2016-06-26 17:03:24,304 WARNING: http://www.nytimes.com/aponline/2015/08/21/us/ap-us-jimmy-carter-cancer.html skipped, newspaper.article.ArticleException
2016-06-26 17:03:24,324 WARNING: http://www.nytimes.com/reuters/2015/08/21/business/21reuters-eurozone-greece-reaction.html skipped, newspaper.article.ArticleException
2016-06-26 17:03:24,347 WARNING: http://www.nytimes.com/reuters/2015/08/21/world/europe/21reuters-russia-railways-belozerov.html skipped, newspaper.article.ArticleException
2016-06-26 17:03:24,738 WARNING: http://www.nytimes.com/reuters/2015/08/21/business/21reuters-china-economy-investment.html skipped, newspaper.article.ArticleException
2016-06-26 17:03:25,522 DEBUG: http://learning.blogs.nytimes.com/2015/08/21/student-crossword-asian-american-history/ parsed successfully
2016-06-26 17:03:27,726 WARNING: http://www.nytimes.com/reuters/2015/08/21/business/21reuters-britain-borrowing.html skipped, newspaper.article.ArticleException
2016-06-26 17:13:32,309 WARNING: http://www.nytimes.com/reuters/2015/08/21/business/21reuters-eurozone-greece-finland.html skipped, newspaper.article.ArticleException
2016-06-26 17:13:32,311 WARNING: http://www.nytimes.com/reuters/2015/08/21/world/middleeast/21reuters-mideast-crisis-israel-syria.html skipped, newspaper.article.ArticleException
2016-06-26 17:13:35,355 DEBUG: http://lens.blogs.nytimes.com/2015/08/21/one-wall-two-germanys/ parsed successfully
2016-06-26 17:13:41,008 WARNING: http://www.nytimes.com/reuters/2015/08/21/business/21reuters-eurozone-greece-syriza-group.html skipped, newspaper.article.ArticleException
2016-06-26 17:13:41,040 WARNING: http://www.nytimes.com/reuters/2015/08/21/world/asia/21reuters-sri-lanka-sirisena.html skipped, newspaper.article.ArticleException
2016-06-26 17:13:41,060 WARNING: http://www.nytimes.com/reuters/2015/08/21/sports/21reuters-athletics-world-sprints.html skipped, newspaper.article.ArticleException
2016-06-26 17:13:41,266 WARNING: http://www.nytimes.com/reuters/2015/08/21/world/asia/21reuters-china-blast.html skipped, newspaper.article.ArticleException
2016-06-26 17:13:41,441 WARNING: http://www.nytimes.com/aponline/2015/08/21/world/europe/ap-eu-macedonia-greece-migrants.html skipped, newspaper.article.ArticleException
2016-06-26 17:13:41,556 WARNING: http://www.nytimes.com/reuters/2015/08/21/sports/autoracing/21reuters-motor-racing-prix-button.html skipped, newspaper.article.ArticleException
2016-06-26 17:13:41,771 WARNING: http://www.nytimes.com/reuters/2015/08/21/sports/soccer/21reuters-soccer-england-palace-pardew.html skipped, newspaper.article.ArticleException
2016-06-26 17:13:41,824 WARNING: http://www.nytimes.com/reuters/2015/08/21/world/europe/21reuters-europe-migrants-macedonia.html skipped, newspaper.article.ArticleException
2016-06-26 17:13:41,983 WARNING: http://www.nytimes.com/reuters/2015/08/21/business/21reuters-eurozone-greece.html skipped, newspaper.article.ArticleException
2016-06-26 17:13:45,438 WARNING: http://www.nytimes.com/reuters/2015/08/21/business/21reuters-lg-elec-autos.html skipped, newspaper.article.ArticleException
2016-06-26 17:13:45,512 WARNING: http://www.nytimes.com/aponline/2015/08/21/us/ap-us-jenner-crash.html skipped, newspaper.article.ArticleException
2016-06-26 17:13:45,546 WARNING: http://www.nytimes.com/reuters/2015/08/21/sports/soccer/21reuters-soccer-england-bournemouth-howe.html skipped, newspaper.article.ArticleException
2016-06-26 17:13:45,549 WARNING: http://www.nytimes.com/aponline/2015/08/21/us/politics/ap-us-cheating-website.html skipped, newspaper.article.ArticleException
2016-06-26 17:13:45,566 WARNING: http://www.nytimes.com/reuters/2015/08/21/business/21reuters-malaysia-politics-1mdb.html skipped, newspaper.article.ArticleException
2016-06-26 17:13:45,573 WARNING: http://www.nytimes.com/reuters/2015/08/21/business/21reuters-markets-oil.html skipped, newspaper.article.ArticleException
2016-06-26 17:13:45,605 WARNING: http://www.nytimes.com/reuters/2015/08/21/sports/soccer/21reuters-soccer-england-tottenham-kane.html skipped, newspaper.article.ArticleException
2016-06-26 17:13:45,678 WARNING: http://www.nytimes.com/reuters/2015/08/21/world/asia/21reuters-thailand-blast.html skipped, newspaper.article.ArticleException
2016-06-26 17:13:45,693 WARNING: http://www.nytimes.com/aponline/2015/08/21/us/politics/ap-us-ap-poll-millennials-online.html skipped, newspaper.article.ArticleException
2016-06-26 17:13:45,695 WARNING: http://www.nytimes.com/reuters/2015/08/21/business/21reuters-eurozone-greece-election.html skipped, newspaper.article.ArticleException
2016-06-26 17:13:45,703 WARNING: http://www.nytimes.com/aponline/2015/08/21/world/europe/ap-eu-macedonia-migrant-chaos.html skipped, newspaper.article.ArticleException
2016-06-26 17:13:45,723 WARNING: http://www.nytimes.com/aponline/2015/08/21/us/ap-us-girls-stabbing-plot.html skipped, newspaper.article.ArticleException
2016-06-26 17:13:45,737 WARNING: http://www.nytimes.com/aponline/2015/08/21/world/asia/ap-as-japan-china-currency.html skipped, newspaper.article.ArticleException
2016-06-26 17:13:45,746 WARNING: http://www.nytimes.com/aponline/2015/08/21/us/ap-us-ap-poll-millennials-online-method.html skipped, newspaper.article.ArticleException
2016-06-26 17:13:45,785 WARNING: http://www.nytimes.com/reuters/2015/08/21/world/asia/21reuters-sri-lanka-government.html skipped, newspaper.article.ArticleException
2016-06-26 17:13:45,787 WARNING: http://www.nytimes.com/reuters/2015/08/21/business/21reuters-germany-economy-pmi.html skipped, newspaper.article.ArticleException
2016-06-26 17:13:46,147 WARNING: http://www.nytimes.com/aponline/2015/08/21/us/ap-quotes.html skipped, newspaper.article.ArticleException
2016-06-26 17:13:46,291 WARNING: http://www.nytimes.com/aponline/2015/08/21/world/asia/ap-as-australia-syria.html skipped, newspaper.article.ArticleException
2016-06-26 17:13:47,253 WARNING: http://www.nytimes.com/reuters/2015/08/21/world/europe/21reuters-france-lepen.html skipped, newspaper.article.ArticleException
2016-06-26 17:13:47,528 WARNING: http://www.nytimes.com/reuters/2015/08/21/business/21reuters-ping-an-ins-tianjin.html skipped, newspaper.article.ArticleException
2016-06-26 17:13:50,612 WARNING: http://www.nytimes.com/aponline/2015/08/21/us/politics/ap-us-dem-2016-clinton.html skipped, newspaper.article.ArticleException
